[2022-11-01 20:37:58.146] [exthost] [info] Extension host with pid 29641 started
[2022-11-01 20:37:58.146] [exthost] [info] Skipping acquiring lock for /home/ino/.config/VSCodium/User/workspaceStorage/8faee04cd2f233e3d054bb89393c70f0.
[2022-11-01 20:37:58.206] [exthost] [info] ExtensionService#_doActivateExtension vscode.debug-auto-launch, startup: true, activationEvent: '*'
[2022-11-01 20:37:58.207] [exthost] [info] ExtensionService#_doActivateExtension vscode.git-base, startup: true, activationEvent: '*', root cause: vscode.git
[2022-11-01 20:37:58.207] [exthost] [info] ExtensionService#_doActivateExtension vscode.ipynb, startup: true, activationEvent: '*'
[2022-11-01 20:37:58.207] [exthost] [info] ExtensionService#_doActivateExtension vscodevim.vim, startup: true, activationEvent: '*'
[2022-11-01 20:37:58.207] [exthost] [info] ExtensionService#_doActivateExtension vscode.npm, startup: true, activationEvent: 'workspaceContains:package.json'
[2022-11-01 20:37:58.349] [exthost] [info] ExtensionService#_doActivateExtension vscode.git, startup: true, activationEvent: '*'
[2022-11-01 20:37:58.349] [exthost] [info] ExtensionService#_doActivateExtension vscode.github, startup: true, activationEvent: '*'
[2022-11-01 20:37:58.427] [exthost] [info] Eager extensions activated
[2022-11-01 20:37:58.458] [exthost] [info] ExtensionService#_doActivateExtension vscode.emmet, startup: false, activationEvent: 'onStartupFinished'
[2022-11-01 20:37:58.458] [exthost] [info] ExtensionService#_doActivateExtension vscode.merge-conflict, startup: false, activationEvent: 'onStartupFinished'
[2022-11-01 20:37:58.459] [exthost] [info] ExtensionService#_doActivateExtension bradlc.vscode-tailwindcss, startup: false, activationEvent: 'onStartupFinished'
[2022-11-01 20:37:58.459] [exthost] [info] ExtensionService#_doActivateExtension esbenp.prettier-vscode, startup: false, activationEvent: 'onStartupFinished'
[2022-11-01 20:37:58.459] [exthost] [info] ExtensionService#_doActivateExtension vscode-icons-team.vscode-icons, startup: false, activationEvent: 'onStartupFinished'
[2022-11-01 20:38:08.794] [exthost] [info] ExtensionService#_doActivateExtension vscode.configuration-editing, startup: false, activationEvent: 'onLanguage:jsonc'
[2022-11-01 20:38:08.795] [exthost] [info] ExtensionService#_doActivateExtension vscode.json-language-features, startup: false, activationEvent: 'onLanguage:jsonc'
[2022-11-01 20:38:08.795] [exthost] [info] ExtensionService#_doActivateExtension vscode.typescript-language-features, startup: false, activationEvent: 'onLanguage:jsonc'
[2022-11-01 20:38:22.428] [exthost] [info] ExtensionService#_doActivateExtension Prisma.prisma, startup: false, activationEvent: 'onLanguage:prisma'
[2022-11-01 20:48:39.109] [exthost] [error] [bradlc.vscode-tailwindcss] provider FAILED
[2022-11-01 20:48:39.110] [exthost] [error] TypeError: Cannot read properties of null (reading 'filter')
    at Object.<anonymous> (/home/ino/.vscode-oss/extensions/bradlc.vscode-tailwindcss-0.9.1-universal/dist/extension.js:39:69679)
    at Generator.next (<anonymous>)
    at o (/home/ino/.vscode-oss/extensions/bradlc.vscode-tailwindcss-0.9.1-universal/dist/extension.js:1:1247)
