["INFO" - 8:26:05 PM] Extension Name: esbenp.prettier-vscode.
["INFO" - 8:26:05 PM] Extension Version: 9.9.0.
["INFO" - 8:26:31 PM] Formatting file:///home/ino/Projects/vault/pages/index.tsx
["INFO" - 8:26:31 PM] Formatting vscode-userdata:/home/ino/.config/VSCodium/User/settings.json
["INFO" - 8:26:31 PM] Using ignore file (if present) at /home/ino/Projects/vault/.prettierignore
["INFO" - 8:26:31 PM] File Info:
{
  "ignored": false,
  "inferredParser": "typescript"
}
["INFO" - 8:26:31 PM] No local configuration (i.e. .prettierrc or .editorconfig) detected, falling back to VS Code configuration
["INFO" - 8:26:31 PM] Prettier Options:
{
  "arrowParens": "always",
  "bracketSpacing": true,
  "endOfLine": "lf",
  "htmlWhitespaceSensitivity": "css",
  "insertPragma": false,
  "singleAttributePerLine": false,
  "bracketSameLine": false,
  "jsxBracketSameLine": false,
  "jsxSingleQuote": false,
  "printWidth": 80,
  "proseWrap": "preserve",
  "quoteProps": "as-needed",
  "requirePragma": false,
  "semi": true,
  "singleQuote": false,
  "tabWidth": 2,
  "trailingComma": "es5",
  "useTabs": false,
  "vueIndentScriptAndStyle": false,
  "filepath": "/home/ino/Projects/vault/pages/index.tsx",
  "parser": "typescript"
}
["INFO" - 8:26:32 PM] Formatting completed in 387ms.
["INFO" - 8:26:32 PM] File Info:
{
  "ignored": false,
  "inferredParser": "json"
}
["INFO" - 8:26:32 PM] No local configuration (i.e. .prettierrc or .editorconfig) detected, falling back to VS Code configuration
["INFO" - 8:26:32 PM] Prettier Options:
{
  "arrowParens": "always",
  "bracketSpacing": true,
  "endOfLine": "lf",
  "htmlWhitespaceSensitivity": "css",
  "insertPragma": false,
  "singleAttributePerLine": false,
  "bracketSameLine": false,
  "jsxBracketSameLine": false,
  "jsxSingleQuote": false,
  "printWidth": 80,
  "proseWrap": "preserve",
  "quoteProps": "as-needed",
  "requirePragma": false,
  "semi": true,
  "singleQuote": false,
  "tabWidth": 2,
  "trailingComma": "es5",
  "useTabs": false,
  "vueIndentScriptAndStyle": false,
  "filepath": "/home/ino/.config/VSCodium/User/settings.json",
  "parser": "json"
}
["INFO" - 8:26:32 PM] Formatting completed in 392ms.
["INFO" - 8:26:32 PM] Formatting file:///home/ino/Projects/vault/pages/index.tsx
["INFO" - 8:26:32 PM] Using ignore file (if present) at /home/ino/Projects/vault/.prettierignore
["INFO" - 8:26:32 PM] File Info:
{
  "ignored": false,
  "inferredParser": "typescript"
}
["INFO" - 8:26:32 PM] No local configuration (i.e. .prettierrc or .editorconfig) detected, falling back to VS Code configuration
["INFO" - 8:26:32 PM] Prettier Options:
{
  "arrowParens": "always",
  "bracketSpacing": true,
  "endOfLine": "lf",
  "htmlWhitespaceSensitivity": "css",
  "insertPragma": false,
  "singleAttributePerLine": false,
  "bracketSameLine": false,
  "jsxBracketSameLine": false,
  "jsxSingleQuote": false,
  "printWidth": 80,
  "proseWrap": "preserve",
  "quoteProps": "as-needed",
  "requirePragma": false,
  "semi": true,
  "singleQuote": false,
  "tabWidth": 2,
  "trailingComma": "es5",
  "useTabs": false,
  "vueIndentScriptAndStyle": false,
  "filepath": "/home/ino/Projects/vault/pages/index.tsx",
  "parser": "typescript"
}
["INFO" - 8:26:32 PM] Formatting completed in 13ms.
["INFO" - 8:26:38 PM] Formatting file:///home/ino/Projects/vault/pages/api/hello.ts
["INFO" - 8:26:38 PM] Using ignore file (if present) at /home/ino/Projects/vault/.prettierignore
["INFO" - 8:26:38 PM] File Info:
{
  "ignored": false,
  "inferredParser": "typescript"
}
["INFO" - 8:26:38 PM] No local configuration (i.e. .prettierrc or .editorconfig) detected, falling back to VS Code configuration
["INFO" - 8:26:38 PM] Prettier Options:
{
  "arrowParens": "always",
  "bracketSpacing": true,
  "endOfLine": "lf",
  "htmlWhitespaceSensitivity": "css",
  "insertPragma": false,
  "singleAttributePerLine": false,
  "bracketSameLine": false,
  "jsxBracketSameLine": false,
  "jsxSingleQuote": false,
  "printWidth": 80,
  "proseWrap": "preserve",
  "quoteProps": "as-needed",
  "requirePragma": false,
  "semi": true,
  "singleQuote": false,
  "tabWidth": 2,
  "trailingComma": "es5",
  "useTabs": false,
  "vueIndentScriptAndStyle": false,
  "filepath": "/home/ino/Projects/vault/pages/api/hello.ts",
  "parser": "typescript"
}
["INFO" - 8:26:38 PM] Formatting completed in 23ms.
["INFO" - 8:26:38 PM] Formatting vscode-userdata:/home/ino/.config/VSCodium/User/settings.json
["INFO" - 8:26:38 PM] File Info:
{
  "ignored": false,
  "inferredParser": "json"
}
["INFO" - 8:26:38 PM] No local configuration (i.e. .prettierrc or .editorconfig) detected, falling back to VS Code configuration
["INFO" - 8:26:38 PM] Prettier Options:
{
  "arrowParens": "always",
  "bracketSpacing": true,
  "endOfLine": "lf",
  "htmlWhitespaceSensitivity": "css",
  "insertPragma": false,
  "singleAttributePerLine": false,
  "bracketSameLine": false,
  "jsxBracketSameLine": false,
  "jsxSingleQuote": false,
  "printWidth": 80,
  "proseWrap": "preserve",
  "quoteProps": "as-needed",
  "requirePragma": false,
  "semi": true,
  "singleQuote": false,
  "tabWidth": 2,
  "trailingComma": "es5",
  "useTabs": false,
  "vueIndentScriptAndStyle": false,
  "filepath": "/home/ino/.config/VSCodium/User/settings.json",
  "parser": "json"
}
["INFO" - 8:26:38 PM] Formatting completed in 6ms.
["INFO" - 8:26:38 PM] Formatting file:///home/ino/Projects/vault/pages/api/hello.ts
["INFO" - 8:26:38 PM] Using ignore file (if present) at /home/ino/Projects/vault/.prettierignore
["INFO" - 8:26:38 PM] File Info:
{
  "ignored": false,
  "inferredParser": "typescript"
}
["INFO" - 8:26:38 PM] No local configuration (i.e. .prettierrc or .editorconfig) detected, falling back to VS Code configuration
["INFO" - 8:26:38 PM] Prettier Options:
{
  "arrowParens": "always",
  "bracketSpacing": true,
  "endOfLine": "lf",
  "htmlWhitespaceSensitivity": "css",
  "insertPragma": false,
  "singleAttributePerLine": false,
  "bracketSameLine": false,
  "jsxBracketSameLine": false,
  "jsxSingleQuote": false,
  "printWidth": 80,
  "proseWrap": "preserve",
  "quoteProps": "as-needed",
  "requirePragma": false,
  "semi": true,
  "singleQuote": false,
  "tabWidth": 2,
  "trailingComma": "es5",
  "useTabs": false,
  "vueIndentScriptAndStyle": false,
  "filepath": "/home/ino/Projects/vault/pages/api/hello.ts",
  "parser": "typescript"
}
["INFO" - 8:26:38 PM] Formatting completed in 12ms.
["INFO" - 8:28:12 PM] Formatting file:///home/ino/Projects/vault/tailwind.config.js
["INFO" - 8:28:12 PM] Using ignore file (if present) at /home/ino/Projects/vault/.prettierignore
["INFO" - 8:28:12 PM] File Info:
{
  "ignored": false,
  "inferredParser": "babel"
}
["INFO" - 8:28:12 PM] No local configuration (i.e. .prettierrc or .editorconfig) detected, falling back to VS Code configuration
["INFO" - 8:28:12 PM] Prettier Options:
{
  "arrowParens": "always",
  "bracketSpacing": true,
  "endOfLine": "lf",
  "htmlWhitespaceSensitivity": "css",
  "insertPragma": false,
  "singleAttributePerLine": false,
  "bracketSameLine": false,
  "jsxBracketSameLine": false,
  "jsxSingleQuote": false,
  "printWidth": 80,
  "proseWrap": "preserve",
  "quoteProps": "as-needed",
  "requirePragma": false,
  "semi": true,
  "singleQuote": false,
  "tabWidth": 2,
  "trailingComma": "es5",
  "useTabs": false,
  "vueIndentScriptAndStyle": false,
  "filepath": "/home/ino/Projects/vault/tailwind.config.js",
  "parser": "babel"
}
["INFO" - 8:28:12 PM] Formatting completed in 20ms.
["INFO" - 8:28:12 PM] Formatting vscode-userdata:/home/ino/.config/VSCodium/User/settings.json
["INFO" - 8:28:12 PM] File Info:
{
  "ignored": false,
  "inferredParser": "json"
}
["INFO" - 8:28:12 PM] No local configuration (i.e. .prettierrc or .editorconfig) detected, falling back to VS Code configuration
["INFO" - 8:28:12 PM] Prettier Options:
{
  "arrowParens": "always",
  "bracketSpacing": true,
  "endOfLine": "lf",
  "htmlWhitespaceSensitivity": "css",
  "insertPragma": false,
  "singleAttributePerLine": false,
  "bracketSameLine": false,
  "jsxBracketSameLine": false,
  "jsxSingleQuote": false,
  "printWidth": 80,
  "proseWrap": "preserve",
  "quoteProps": "as-needed",
  "requirePragma": false,
  "semi": true,
  "singleQuote": false,
  "tabWidth": 2,
  "trailingComma": "es5",
  "useTabs": false,
  "vueIndentScriptAndStyle": false,
  "filepath": "/home/ino/.config/VSCodium/User/settings.json",
  "parser": "json"
}
["INFO" - 8:28:12 PM] Formatting completed in 10ms.
["INFO" - 8:28:12 PM] Formatting file:///home/ino/Projects/vault/tailwind.config.js
["INFO" - 8:28:12 PM] Using ignore file (if present) at /home/ino/Projects/vault/.prettierignore
["INFO" - 8:28:12 PM] File Info:
{
  "ignored": false,
  "inferredParser": "babel"
}
["INFO" - 8:28:12 PM] No local configuration (i.e. .prettierrc or .editorconfig) detected, falling back to VS Code configuration
["INFO" - 8:28:12 PM] Prettier Options:
{
  "arrowParens": "always",
  "bracketSpacing": true,
  "endOfLine": "lf",
  "htmlWhitespaceSensitivity": "css",
  "insertPragma": false,
  "singleAttributePerLine": false,
  "bracketSameLine": false,
  "jsxBracketSameLine": false,
  "jsxSingleQuote": false,
  "printWidth": 80,
  "proseWrap": "preserve",
  "quoteProps": "as-needed",
  "requirePragma": false,
  "semi": true,
  "singleQuote": false,
  "tabWidth": 2,
  "trailingComma": "es5",
  "useTabs": false,
  "vueIndentScriptAndStyle": false,
  "filepath": "/home/ino/Projects/vault/tailwind.config.js",
  "parser": "babel"
}
["INFO" - 8:28:12 PM] Formatting completed in 6ms.
