["INFO" - 8:37:58 PM] Extension Name: esbenp.prettier-vscode.
["INFO" - 8:37:58 PM] Extension Version: 9.9.0.
["INFO" - 8:38:42 PM] Formatting file:///home/ino/Projects/school-vault/pages/index.tsx
["INFO" - 8:38:42 PM] Using ignore file (if present) at /home/ino/Projects/school-vault/.prettierignore
["INFO" - 8:38:42 PM] File Info:
{
  "ignored": false,
  "inferredParser": "typescript"
}
["INFO" - 8:38:42 PM] No local configuration (i.e. .prettierrc or .editorconfig) detected, falling back to VS Code configuration
["INFO" - 8:38:42 PM] Prettier Options:
{
  "arrowParens": "always",
  "bracketSpacing": true,
  "endOfLine": "lf",
  "htmlWhitespaceSensitivity": "css",
  "insertPragma": false,
  "singleAttributePerLine": false,
  "bracketSameLine": false,
  "jsxBracketSameLine": false,
  "jsxSingleQuote": false,
  "printWidth": 80,
  "proseWrap": "preserve",
  "quoteProps": "as-needed",
  "requirePragma": false,
  "semi": true,
  "singleQuote": false,
  "tabWidth": 2,
  "trailingComma": "es5",
  "useTabs": false,
  "vueIndentScriptAndStyle": false,
  "filepath": "/home/ino/Projects/school-vault/pages/index.tsx",
  "parser": "typescript"
}
["INFO" - 8:38:42 PM] Formatting completed in 128ms.
["INFO" - 8:42:52 PM] Formatting file:///home/ino/Projects/school-vault/pages/index.tsx
["INFO" - 8:42:52 PM] Using ignore file (if present) at /home/ino/Projects/school-vault/.prettierignore
["INFO" - 8:42:52 PM] File Info:
{
  "ignored": false,
  "inferredParser": "typescript"
}
["INFO" - 8:42:52 PM] No local configuration (i.e. .prettierrc or .editorconfig) detected, falling back to VS Code configuration
["INFO" - 8:42:52 PM] Prettier Options:
{
  "arrowParens": "always",
  "bracketSpacing": true,
  "endOfLine": "lf",
  "htmlWhitespaceSensitivity": "css",
  "insertPragma": false,
  "singleAttributePerLine": false,
  "bracketSameLine": false,
  "jsxBracketSameLine": false,
  "jsxSingleQuote": false,
  "printWidth": 80,
  "proseWrap": "preserve",
  "quoteProps": "as-needed",
  "requirePragma": false,
  "semi": true,
  "singleQuote": false,
  "tabWidth": 2,
  "trailingComma": "es5",
  "useTabs": false,
  "vueIndentScriptAndStyle": false,
  "filepath": "/home/ino/Projects/school-vault/pages/index.tsx",
  "parser": "typescript"
}
["ERROR" - 8:42:52 PM] Error formatting document.
["ERROR" - 8:42:52 PM] Expression expected. (18:5)
  16 |     props: {
  17 |       itemsData:
> 18 |     }
     |     ^
  19 |   }
  20 | }
SyntaxError: Expression expected. (18:5)
  16 |     props: {
  17 |       itemsData:
> 18 |     }
     |     ^
  19 |   }
  20 | }
    at Ve (/home/ino/.vscode-oss/extensions/esbenp.prettier-vscode-9.9.0-universal/node_modules/prettier/parser-typescript.js:1:15669)
    at vz (/home/ino/.vscode-oss/extensions/esbenp.prettier-vscode-9.9.0-universal/node_modules/prettier/parser-typescript.js:280:5919)
    at Object.yz [as parse] (/home/ino/.vscode-oss/extensions/esbenp.prettier-vscode-9.9.0-universal/node_modules/prettier/parser-typescript.js:280:6242)
    at Object.parse (/home/ino/.vscode-oss/extensions/esbenp.prettier-vscode-9.9.0-universal/node_modules/prettier/index.js:7334:23)
    at coreFormat (/home/ino/.vscode-oss/extensions/esbenp.prettier-vscode-9.9.0-universal/node_modules/prettier/index.js:8645:18)
    at formatWithCursor2 (/home/ino/.vscode-oss/extensions/esbenp.prettier-vscode-9.9.0-universal/node_modules/prettier/index.js:8837:18)
    at /home/ino/.vscode-oss/extensions/esbenp.prettier-vscode-9.9.0-universal/node_modules/prettier/index.js:37229:12
    at Object.format (/home/ino/.vscode-oss/extensions/esbenp.prettier-vscode-9.9.0-universal/node_modules/prettier/index.js:37243:12)
    at t.default.format (/home/ino/.vscode-oss/extensions/esbenp.prettier-vscode-9.9.0-universal/dist/extension.js:1:14565)
    at t.PrettierEditProvider.provideEdits (/home/ino/.vscode-oss/extensions/esbenp.prettier-vscode-9.9.0-universal/dist/extension.js:1:11259)
    at H.provideDocumentFormattingEdits (/usr/share/codium/resources/app/out/vs/workbench/api/node/extensionHostProcess.js:92:45661)
["INFO" - 8:42:52 PM] Formatting completed in 33ms.
["INFO" - 8:42:54 PM] Formatting file:///home/ino/Projects/school-vault/pages/index.tsx
["INFO" - 8:42:54 PM] Using ignore file (if present) at /home/ino/Projects/school-vault/.prettierignore
["INFO" - 8:42:54 PM] File Info:
{
  "ignored": false,
  "inferredParser": "typescript"
}
["INFO" - 8:42:54 PM] No local configuration (i.e. .prettierrc or .editorconfig) detected, falling back to VS Code configuration
["INFO" - 8:42:54 PM] Prettier Options:
{
  "arrowParens": "always",
  "bracketSpacing": true,
  "endOfLine": "lf",
  "htmlWhitespaceSensitivity": "css",
  "insertPragma": false,
  "singleAttributePerLine": false,
  "bracketSameLine": false,
  "jsxBracketSameLine": false,
  "jsxSingleQuote": false,
  "printWidth": 80,
  "proseWrap": "preserve",
  "quoteProps": "as-needed",
  "requirePragma": false,
  "semi": true,
  "singleQuote": false,
  "tabWidth": 2,
  "trailingComma": "es5",
  "useTabs": false,
  "vueIndentScriptAndStyle": false,
  "filepath": "/home/ino/Projects/school-vault/pages/index.tsx",
  "parser": "typescript"
}
["INFO" - 8:42:54 PM] Formatting completed in 20ms.
["INFO" - 8:44:12 PM] Formatting file:///home/ino/Projects/school-vault/pages/index.tsx
["INFO" - 8:44:12 PM] Using ignore file (if present) at /home/ino/Projects/school-vault/.prettierignore
["INFO" - 8:44:12 PM] File Info:
{
  "ignored": false,
  "inferredParser": "typescript"
}
["INFO" - 8:44:12 PM] No local configuration (i.e. .prettierrc or .editorconfig) detected, falling back to VS Code configuration
["INFO" - 8:44:12 PM] Prettier Options:
{
  "arrowParens": "always",
  "bracketSpacing": true,
  "endOfLine": "lf",
  "htmlWhitespaceSensitivity": "css",
  "insertPragma": false,
  "singleAttributePerLine": false,
  "bracketSameLine": false,
  "jsxBracketSameLine": false,
  "jsxSingleQuote": false,
  "printWidth": 80,
  "proseWrap": "preserve",
  "quoteProps": "as-needed",
  "requirePragma": false,
  "semi": true,
  "singleQuote": false,
  "tabWidth": 2,
  "trailingComma": "es5",
  "useTabs": false,
  "vueIndentScriptAndStyle": false,
  "filepath": "/home/ino/Projects/school-vault/pages/index.tsx",
  "parser": "typescript"
}
["INFO" - 8:44:12 PM] Formatting completed in 26ms.
["INFO" - 8:44:16 PM] Formatting file:///home/ino/Projects/school-vault/pages/index.tsx
["INFO" - 8:44:16 PM] Using ignore file (if present) at /home/ino/Projects/school-vault/.prettierignore
["INFO" - 8:44:16 PM] File Info:
{
  "ignored": false,
  "inferredParser": "typescript"
}
["INFO" - 8:44:16 PM] No local configuration (i.e. .prettierrc or .editorconfig) detected, falling back to VS Code configuration
["INFO" - 8:44:16 PM] Prettier Options:
{
  "arrowParens": "always",
  "bracketSpacing": true,
  "endOfLine": "lf",
  "htmlWhitespaceSensitivity": "css",
  "insertPragma": false,
  "singleAttributePerLine": false,
  "bracketSameLine": false,
  "jsxBracketSameLine": false,
  "jsxSingleQuote": false,
  "printWidth": 80,
  "proseWrap": "preserve",
  "quoteProps": "as-needed",
  "requirePragma": false,
  "semi": true,
  "singleQuote": false,
  "tabWidth": 2,
  "trailingComma": "es5",
  "useTabs": false,
  "vueIndentScriptAndStyle": false,
  "filepath": "/home/ino/Projects/school-vault/pages/index.tsx",
  "parser": "typescript"
}
["INFO" - 8:44:16 PM] Formatting completed in 12ms.
["INFO" - 8:45:58 PM] Formatting file:///home/ino/Projects/school-vault/pages/index.tsx
["INFO" - 8:45:58 PM] Using ignore file (if present) at /home/ino/Projects/school-vault/.prettierignore
["INFO" - 8:45:58 PM] File Info:
{
  "ignored": false,
  "inferredParser": "typescript"
}
["INFO" - 8:45:58 PM] No local configuration (i.e. .prettierrc or .editorconfig) detected, falling back to VS Code configuration
["INFO" - 8:45:58 PM] Prettier Options:
{
  "arrowParens": "always",
  "bracketSpacing": true,
  "endOfLine": "lf",
  "htmlWhitespaceSensitivity": "css",
  "insertPragma": false,
  "singleAttributePerLine": false,
  "bracketSameLine": false,
  "jsxBracketSameLine": false,
  "jsxSingleQuote": false,
  "printWidth": 80,
  "proseWrap": "preserve",
  "quoteProps": "as-needed",
  "requirePragma": false,
  "semi": true,
  "singleQuote": false,
  "tabWidth": 2,
  "trailingComma": "es5",
  "useTabs": false,
  "vueIndentScriptAndStyle": false,
  "filepath": "/home/ino/Projects/school-vault/pages/index.tsx",
  "parser": "typescript"
}
["INFO" - 8:45:58 PM] Formatting completed in 29ms.
["INFO" - 8:47:03 PM] Formatting file:///home/ino/Projects/school-vault/pages/index.tsx
["INFO" - 8:47:03 PM] Using ignore file (if present) at /home/ino/Projects/school-vault/.prettierignore
["INFO" - 8:47:03 PM] File Info:
{
  "ignored": false,
  "inferredParser": "typescript"
}
["INFO" - 8:47:03 PM] No local configuration (i.e. .prettierrc or .editorconfig) detected, falling back to VS Code configuration
["INFO" - 8:47:03 PM] Prettier Options:
{
  "arrowParens": "always",
  "bracketSpacing": true,
  "endOfLine": "lf",
  "htmlWhitespaceSensitivity": "css",
  "insertPragma": false,
  "singleAttributePerLine": false,
  "bracketSameLine": false,
  "jsxBracketSameLine": false,
  "jsxSingleQuote": false,
  "printWidth": 80,
  "proseWrap": "preserve",
  "quoteProps": "as-needed",
  "requirePragma": false,
  "semi": true,
  "singleQuote": false,
  "tabWidth": 2,
  "trailingComma": "es5",
  "useTabs": false,
  "vueIndentScriptAndStyle": false,
  "filepath": "/home/ino/Projects/school-vault/pages/index.tsx",
  "parser": "typescript"
}
["INFO" - 8:47:03 PM] Formatting completed in 13ms.
["INFO" - 8:47:10 PM] Formatting file:///home/ino/Projects/school-vault/pages/index.tsx
["INFO" - 8:47:10 PM] Using ignore file (if present) at /home/ino/Projects/school-vault/.prettierignore
["INFO" - 8:47:10 PM] File Info:
{
  "ignored": false,
  "inferredParser": "typescript"
}
["INFO" - 8:47:10 PM] No local configuration (i.e. .prettierrc or .editorconfig) detected, falling back to VS Code configuration
["INFO" - 8:47:10 PM] Prettier Options:
{
  "arrowParens": "always",
  "bracketSpacing": true,
  "endOfLine": "lf",
  "htmlWhitespaceSensitivity": "css",
  "insertPragma": false,
  "singleAttributePerLine": false,
  "bracketSameLine": false,
  "jsxBracketSameLine": false,
  "jsxSingleQuote": false,
  "printWidth": 80,
  "proseWrap": "preserve",
  "quoteProps": "as-needed",
  "requirePragma": false,
  "semi": true,
  "singleQuote": false,
  "tabWidth": 2,
  "trailingComma": "es5",
  "useTabs": false,
  "vueIndentScriptAndStyle": false,
  "filepath": "/home/ino/Projects/school-vault/pages/index.tsx",
  "parser": "typescript"
}
["INFO" - 8:47:10 PM] Formatting completed in 11ms.
["INFO" - 8:47:46 PM] Formatting file:///home/ino/Projects/school-vault/pages/index.tsx
["INFO" - 8:47:46 PM] Using ignore file (if present) at /home/ino/Projects/school-vault/.prettierignore
["INFO" - 8:47:46 PM] File Info:
{
  "ignored": false,
  "inferredParser": "typescript"
}
["INFO" - 8:47:46 PM] No local configuration (i.e. .prettierrc or .editorconfig) detected, falling back to VS Code configuration
["INFO" - 8:47:46 PM] Prettier Options:
{
  "arrowParens": "always",
  "bracketSpacing": true,
  "endOfLine": "lf",
  "htmlWhitespaceSensitivity": "css",
  "insertPragma": false,
  "singleAttributePerLine": false,
  "bracketSameLine": false,
  "jsxBracketSameLine": false,
  "jsxSingleQuote": false,
  "printWidth": 80,
  "proseWrap": "preserve",
  "quoteProps": "as-needed",
  "requirePragma": false,
  "semi": true,
  "singleQuote": false,
  "tabWidth": 2,
  "trailingComma": "es5",
  "useTabs": false,
  "vueIndentScriptAndStyle": false,
  "filepath": "/home/ino/Projects/school-vault/pages/index.tsx",
  "parser": "typescript"
}
["ERROR" - 8:47:46 PM] Error formatting document.
["ERROR" - 8:47:46 PM] '>' expected. (18:3)
  16 |   return <div>{itemsData.map((item: IItem) => {
  17 |     return <div></div
> 18 |   }})}</div>;
     |   ^
  19 | };
  20 |
  21 | export default Home;
SyntaxError: '>' expected. (18:3)
  16 |   return <div>{itemsData.map((item: IItem) => {
  17 |     return <div></div
> 18 |   }})}</div>;
     |   ^
  19 | };
  20 |
  21 | export default Home;
    at Ve (/home/ino/.vscode-oss/extensions/esbenp.prettier-vscode-9.9.0-universal/node_modules/prettier/parser-typescript.js:1:15669)
    at vz (/home/ino/.vscode-oss/extensions/esbenp.prettier-vscode-9.9.0-universal/node_modules/prettier/parser-typescript.js:280:5919)
    at Object.yz [as parse] (/home/ino/.vscode-oss/extensions/esbenp.prettier-vscode-9.9.0-universal/node_modules/prettier/parser-typescript.js:280:6242)
    at Object.parse (/home/ino/.vscode-oss/extensions/esbenp.prettier-vscode-9.9.0-universal/node_modules/prettier/index.js:7334:23)
    at coreFormat (/home/ino/.vscode-oss/extensions/esbenp.prettier-vscode-9.9.0-universal/node_modules/prettier/index.js:8645:18)
    at formatWithCursor2 (/home/ino/.vscode-oss/extensions/esbenp.prettier-vscode-9.9.0-universal/node_modules/prettier/index.js:8837:18)
    at /home/ino/.vscode-oss/extensions/esbenp.prettier-vscode-9.9.0-universal/node_modules/prettier/index.js:37229:12
    at Object.format (/home/ino/.vscode-oss/extensions/esbenp.prettier-vscode-9.9.0-universal/node_modules/prettier/index.js:37243:12)
    at t.default.format (/home/ino/.vscode-oss/extensions/esbenp.prettier-vscode-9.9.0-universal/dist/extension.js:1:14565)
    at t.PrettierEditProvider.provideEdits (/home/ino/.vscode-oss/extensions/esbenp.prettier-vscode-9.9.0-universal/dist/extension.js:1:11259)
    at H.provideDocumentFormattingEdits (/usr/share/codium/resources/app/out/vs/workbench/api/node/extensionHostProcess.js:92:45661)
["INFO" - 8:47:46 PM] Formatting completed in 14ms.
["INFO" - 8:48:14 PM] Formatting file:///home/ino/Projects/school-vault/pages/index.tsx
["INFO" - 8:48:14 PM] Using ignore file (if present) at /home/ino/Projects/school-vault/.prettierignore
["INFO" - 8:48:14 PM] File Info:
{
  "ignored": false,
  "inferredParser": "typescript"
}
["INFO" - 8:48:14 PM] No local configuration (i.e. .prettierrc or .editorconfig) detected, falling back to VS Code configuration
["INFO" - 8:48:14 PM] Prettier Options:
{
  "arrowParens": "always",
  "bracketSpacing": true,
  "endOfLine": "lf",
  "htmlWhitespaceSensitivity": "css",
  "insertPragma": false,
  "singleAttributePerLine": false,
  "bracketSameLine": false,
  "jsxBracketSameLine": false,
  "jsxSingleQuote": false,
  "printWidth": 80,
  "proseWrap": "preserve",
  "quoteProps": "as-needed",
  "requirePragma": false,
  "semi": true,
  "singleQuote": false,
  "tabWidth": 2,
  "trailingComma": "es5",
  "useTabs": false,
  "vueIndentScriptAndStyle": false,
  "filepath": "/home/ino/Projects/school-vault/pages/index.tsx",
  "parser": "typescript"
}
["INFO" - 8:48:14 PM] Formatting completed in 37ms.
["INFO" - 8:48:17 PM] Formatting file:///home/ino/Projects/school-vault/pages/index.tsx
["INFO" - 8:48:17 PM] Using ignore file (if present) at /home/ino/Projects/school-vault/.prettierignore
["INFO" - 8:48:17 PM] File Info:
{
  "ignored": false,
  "inferredParser": "typescript"
}
["INFO" - 8:48:17 PM] No local configuration (i.e. .prettierrc or .editorconfig) detected, falling back to VS Code configuration
["INFO" - 8:48:17 PM] Prettier Options:
{
  "arrowParens": "always",
  "bracketSpacing": true,
  "endOfLine": "lf",
  "htmlWhitespaceSensitivity": "css",
  "insertPragma": false,
  "singleAttributePerLine": false,
  "bracketSameLine": false,
  "jsxBracketSameLine": false,
  "jsxSingleQuote": false,
  "printWidth": 80,
  "proseWrap": "preserve",
  "quoteProps": "as-needed",
  "requirePragma": false,
  "semi": true,
  "singleQuote": false,
  "tabWidth": 2,
  "trailingComma": "es5",
  "useTabs": false,
  "vueIndentScriptAndStyle": false,
  "filepath": "/home/ino/Projects/school-vault/pages/index.tsx",
  "parser": "typescript"
}
["INFO" - 8:48:17 PM] Formatting completed in 17ms.
["INFO" - 8:48:37 PM] Formatting file:///home/ino/Projects/school-vault/tailwind.config.js
["INFO" - 8:48:37 PM] Using ignore file (if present) at /home/ino/Projects/school-vault/.prettierignore
["INFO" - 8:48:37 PM] File Info:
{
  "ignored": false,
  "inferredParser": "babel"
}
["INFO" - 8:48:37 PM] No local configuration (i.e. .prettierrc or .editorconfig) detected, falling back to VS Code configuration
["INFO" - 8:48:37 PM] Prettier Options:
{
  "arrowParens": "always",
  "bracketSpacing": true,
  "endOfLine": "lf",
  "htmlWhitespaceSensitivity": "css",
  "insertPragma": false,
  "singleAttributePerLine": false,
  "bracketSameLine": false,
  "jsxBracketSameLine": false,
  "jsxSingleQuote": false,
  "printWidth": 80,
  "proseWrap": "preserve",
  "quoteProps": "as-needed",
  "requirePragma": false,
  "semi": true,
  "singleQuote": false,
  "tabWidth": 2,
  "trailingComma": "es5",
  "useTabs": false,
  "vueIndentScriptAndStyle": false,
  "filepath": "/home/ino/Projects/school-vault/tailwind.config.js",
  "parser": "babel"
}
["INFO" - 8:48:37 PM] Formatting completed in 38ms.
