[Info  - 8:38:22 PM] Default version of Prisma 'prisma-fmt': 0362da9eebca54d94c8ef5edd3b2e90af99ba452
[Info  - 8:38:22 PM] Extension name @prisma/language-server with version 4.5.0
[Info  - 8:38:22 PM] Prisma Engines version: 4.5.0-43.0362da9eebca54d94c8ef5edd3b2e90af99ba452
[Info  - 8:38:22 PM] Prisma CLI version: 4.5.0
running lint() from prisma-fmt
running lint() from prisma-fmt
running lint() from prisma-fmt
running lint() from prisma-fmt
running lint() from prisma-fmt
running lint() from prisma-fmt
running lint() from prisma-fmt
running lint() from prisma-fmt
running lint() from prisma-fmt
running lint() from prisma-fmt
running lint() from prisma-fmt
running lint() from prisma-fmt
running lint() from prisma-fmt
running lint() from prisma-fmt
running lint() from prisma-fmt
running lint() from prisma-fmt
running lint() from prisma-fmt
running lint() from prisma-fmt
running lint() from prisma-fmt
running lint() from prisma-fmt
running lint() from prisma-fmt
running lint() from prisma-fmt
running lint() from prisma-fmt
running lint() from prisma-fmt
running lint() from prisma-fmt
running lint() from prisma-fmt
running lint() from prisma-fmt
running lint() from prisma-fmt
running lint() from prisma-fmt
running lint() from prisma-fmt
running lint() from prisma-fmt
running lint() from prisma-fmt
running lint() from prisma-fmt
running lint() from prisma-fmt
running lint() from prisma-fmt
running lint() from prisma-fmt
running lint() from prisma-fmt
running lint() from prisma-fmt
running lint() from prisma-fmt
running lint() from prisma-fmt
running lint() from prisma-fmt
running lint() from prisma-fmt
running lint() from prisma-fmt
running lint() from prisma-fmt
running lint() from prisma-fmt
running lint() from prisma-fmt
running lint() from prisma-fmt
running lint() from prisma-fmt
running lint() from prisma-fmt
running lint() from prisma-fmt
running lint() from prisma-fmt
running lint() from prisma-fmt
running lint() from prisma-fmt
running lint() from prisma-fmt
running lint() from prisma-fmt
running lint() from prisma-fmt
running lint() from prisma-fmt
running lint() from prisma-fmt
running lint() from prisma-fmt
running lint() from prisma-fmt
running lint() from prisma-fmt
running lint() from prisma-fmt
running lint() from prisma-fmt
running lint() from prisma-fmt
running lint() from prisma-fmt
running lint() from prisma-fmt
running lint() from prisma-fmt
running lint() from prisma-fmt
running lint() from prisma-fmt
running lint() from prisma-fmt
running lint() from prisma-fmt
running lint() from prisma-fmt
running lint() from prisma-fmt
running lint() from prisma-fmt
running lint() from prisma-fmt
running lint() from prisma-fmt
running lint() from prisma-fmt
running lint() from prisma-fmt
running lint() from prisma-fmt
running lint() from prisma-fmt
running lint() from prisma-fmt
running lint() from prisma-fmt
running lint() from prisma-fmt
running lint() from prisma-fmt
running lint() from prisma-fmt
running lint() from prisma-fmt
running lint() from prisma-fmt
running lint() from prisma-fmt
running lint() from prisma-fmt
running lint() from prisma-fmt
running lint() from prisma-fmt
running lint() from prisma-fmt
running lint() from prisma-fmt
running lint() from prisma-fmt
running lint() from prisma-fmt
running lint() from prisma-fmt
running lint() from prisma-fmt
running lint() from prisma-fmt
running lint() from prisma-fmt
running lint() from prisma-fmt
running lint() from prisma-fmt
running lint() from prisma-fmt
running lint() from prisma-fmt
running lint() from prisma-fmt
running lint() from prisma-fmt
running format() from prisma-fmt
running lint() from prisma-fmt
running lint() from prisma-fmt
running lint() from prisma-fmt
running lint() from prisma-fmt
running lint() from prisma-fmt
running lint() from prisma-fmt
running lint() from prisma-fmt
running lint() from prisma-fmt
running lint() from prisma-fmt
running lint() from prisma-fmt
running lint() from prisma-fmt
running lint() from prisma-fmt
running lint() from prisma-fmt
running lint() from prisma-fmt
running lint() from prisma-fmt
running lint() from prisma-fmt
running lint() from prisma-fmt
running lint() from prisma-fmt
running lint() from prisma-fmt
running lint() from prisma-fmt
running lint() from prisma-fmt
running lint() from prisma-fmt
running lint() from prisma-fmt
running lint() from prisma-fmt
running lint() from prisma-fmt
running lint() from prisma-fmt
running lint() from prisma-fmt
running lint() from prisma-fmt
running lint() from prisma-fmt
running lint() from prisma-fmt
running lint() from prisma-fmt
running lint() from prisma-fmt
running lint() from prisma-fmt
running lint() from prisma-fmt
running lint() from prisma-fmt
running lint() from prisma-fmt
running lint() from prisma-fmt
running lint() from prisma-fmt
running lint() from prisma-fmt
running lint() from prisma-fmt
running lint() from prisma-fmt
running lint() from prisma-fmt
running lint() from prisma-fmt
running lint() from prisma-fmt
running lint() from prisma-fmt
running lint() from prisma-fmt
running lint() from prisma-fmt
running lint() from prisma-fmt
running lint() from prisma-fmt
running lint() from prisma-fmt
running lint() from prisma-fmt
running lint() from prisma-fmt
running lint() from prisma-fmt
running lint() from prisma-fmt
running lint() from prisma-fmt
running format() from prisma-fmt
running lint() from prisma-fmt
