[2022-11-01 20:12:46.682] [sharedprocess] [info] Starting worker process with pid 16480 (type: fileWatcher, window: 1).
[2022-11-01 20:12:58.558] [sharedprocess] [info] Getting Manifest... marlosirapuan.nord-deep
[2022-11-01 20:12:58.867] [sharedprocess] [info] Installing extension: marlosirapuan.nord-deep
[2022-11-01 20:13:01.222] [sharedprocess] [info] Downloaded extension: marlosirapuan.nord-deep /home/ino/.config/VSCodium/CachedExtensionVSIXs/marlosirapuan.nord-deep-0.1.623-universal
[2022-11-01 20:13:01.246] [sharedprocess] [info] Extracted extension to /home/ino/.vscode-oss/extensions/.04918c51-cbce-4047-b85e-67037f64d8c8: marlosirapuan.nord-deep
[2022-11-01 20:13:01.254] [sharedprocess] [info] Renamed to /home/ino/.vscode-oss/extensions/marlosirapuan.nord-deep-0.1.623-universal
[2022-11-01 20:13:01.255] [sharedprocess] [info] Extracting completed. marlosirapuan.nord-deep
[2022-11-01 20:13:01.255] [sharedprocess] [info] Extension installed successfully: marlosirapuan.nord-deep
[2022-11-01 20:13:18.937] [sharedprocess] [info] Getting Manifest... vscodevim.vim
[2022-11-01 20:13:19.143] [sharedprocess] [info] Installing extension: vscodevim.vim
[2022-11-01 20:13:21.351] [sharedprocess] [info] Downloaded extension: vscodevim.vim /home/ino/.config/VSCodium/CachedExtensionVSIXs/vscodevim.vim-1.24.2-universal
[2022-11-01 20:13:21.431] [sharedprocess] [info] Extracted extension to /home/ino/.vscode-oss/extensions/.75f864f7-5ebd-4387-b11c-fb4071ddb58b: vscodevim.vim
[2022-11-01 20:13:21.434] [sharedprocess] [info] Renamed to /home/ino/.vscode-oss/extensions/vscodevim.vim-1.24.2-universal
[2022-11-01 20:13:21.435] [sharedprocess] [info] Extracting completed. vscodevim.vim
[2022-11-01 20:13:21.436] [sharedprocess] [info] Extension installed successfully: vscodevim.vim
[2022-11-01 20:13:23.959] [sharedprocess] [info] Getting Manifest... esbenp.prettier-vscode
[2022-11-01 20:13:24.162] [sharedprocess] [info] Installing extension: esbenp.prettier-vscode
[2022-11-01 20:13:24.569] [sharedprocess] [info] Getting Manifest... vscode.npm
[2022-11-01 20:13:28.296] [sharedprocess] [info] Downloaded extension: esbenp.prettier-vscode /home/ino/.config/VSCodium/CachedExtensionVSIXs/esbenp.prettier-vscode-9.9.0-universal
[2022-11-01 20:13:28.390] [sharedprocess] [info] Extracted extension to /home/ino/.vscode-oss/extensions/.5f7c8de1-f529-4e36-9ca4-05ad7095305a: esbenp.prettier-vscode
[2022-11-01 20:13:28.393] [sharedprocess] [info] Renamed to /home/ino/.vscode-oss/extensions/esbenp.prettier-vscode-9.9.0-universal
[2022-11-01 20:13:28.395] [sharedprocess] [info] Extracting completed. esbenp.prettier-vscode
[2022-11-01 20:13:28.396] [sharedprocess] [info] Extension installed successfully: esbenp.prettier-vscode
[2022-11-01 20:13:59.400] [sharedprocess] [info] Getting Manifest... prisma.prisma
[2022-11-01 20:13:59.605] [sharedprocess] [info] Installing extension: prisma.prisma
[2022-11-01 20:14:03.105] [sharedprocess] [info] Downloaded extension: prisma.prisma /home/ino/.config/VSCodium/CachedExtensionVSIXs/prisma.prisma-4.5.0-universal
[2022-11-01 20:14:03.372] [sharedprocess] [info] Getting Manifest... bradlc.vscode-tailwindcss
[2022-11-01 20:14:03.575] [sharedprocess] [info] Installing extension: bradlc.vscode-tailwindcss
[2022-11-01 20:14:04.465] [sharedprocess] [info] Extracted extension to /home/ino/.vscode-oss/extensions/.c5ae9cef-52e8-43b7-bcc1-a19084ab00a7: prisma.prisma
[2022-11-01 20:14:04.467] [sharedprocess] [info] Renamed to /home/ino/.vscode-oss/extensions/prisma.prisma-4.5.0-universal
[2022-11-01 20:14:04.469] [sharedprocess] [info] Extracting completed. prisma.prisma
[2022-11-01 20:14:04.470] [sharedprocess] [info] Extension installed successfully: prisma.prisma
[2022-11-01 20:14:04.791] [sharedprocess] [info] Downloaded extension: bradlc.vscode-tailwindcss /home/ino/.config/VSCodium/CachedExtensionVSIXs/bradlc.vscode-tailwindcss-0.9.1-universal
[2022-11-01 20:14:04.822] [sharedprocess] [info] Extracted extension to /home/ino/.vscode-oss/extensions/.2fa8f34b-7ced-483d-888c-70bae0bdca94: bradlc.vscode-tailwindcss
[2022-11-01 20:14:04.825] [sharedprocess] [info] Renamed to /home/ino/.vscode-oss/extensions/bradlc.vscode-tailwindcss-0.9.1-universal
[2022-11-01 20:14:04.826] [sharedprocess] [info] Extracting completed. bradlc.vscode-tailwindcss
[2022-11-01 20:14:04.827] [sharedprocess] [info] Extension installed successfully: bradlc.vscode-tailwindcss
[2022-11-01 20:14:13.629] [sharedprocess] [info] Getting Manifest... vscode-icons-team.vscode-icons
[2022-11-01 20:14:13.930] [sharedprocess] [info] Installing extension: vscode-icons-team.vscode-icons
[2022-11-01 20:14:15.565] [sharedprocess] [info] Downloaded extension: vscode-icons-team.vscode-icons /home/ino/.config/VSCodium/CachedExtensionVSIXs/vscode-icons-team.vscode-icons-12.0.1-universal
[2022-11-01 20:14:15.981] [sharedprocess] [info] Extracted extension to /home/ino/.vscode-oss/extensions/.7f4d2f93-a4bf-401f-b90f-f26efdc3f803: vscode-icons-team.vscode-icons
[2022-11-01 20:14:15.984] [sharedprocess] [info] Renamed to /home/ino/.vscode-oss/extensions/vscode-icons-team.vscode-icons-12.0.1-universal
[2022-11-01 20:14:15.986] [sharedprocess] [info] Extracting completed. vscode-icons-team.vscode-icons
[2022-11-01 20:14:15.987] [sharedprocess] [info] Extension installed successfully: vscode-icons-team.vscode-icons
[2022-11-01 20:24:49.980] [sharedprocess] [info] Worker process with pid 16480 terminated normally (type: fileWatcher, window: 1).
[2022-11-01 20:24:51.034] [sharedprocess] [info] Starting worker process with pid 23322 (type: fileWatcher, window: 1).
[2022-11-01 20:26:04.641] [sharedprocess] [info] Starting worker process with pid 24640 (type: fileWatcher, window: 3).
[2022-11-01 20:26:05.403] [sharedprocess] [info] Worker process with pid 23322 terminated normally (type: fileWatcher, window: 1).
