[2022-11-01 20:12:46.674] [exthost] [info] Extension host with pid 16423 started
[2022-11-01 20:12:46.734] [exthost] [info] ExtensionService#_doActivateExtension vscode.debug-auto-launch, startup: true, activationEvent: '*'
[2022-11-01 20:12:46.735] [exthost] [info] ExtensionService#_doActivateExtension vscode.git-base, startup: true, activationEvent: '*', root cause: vscode.git
[2022-11-01 20:12:46.735] [exthost] [info] ExtensionService#_doActivateExtension vscode.ipynb, startup: true, activationEvent: '*'
[2022-11-01 20:12:46.765] [exthost] [info] ExtensionService#_doActivateExtension vscode.git, startup: true, activationEvent: '*'
[2022-11-01 20:12:46.766] [exthost] [info] ExtensionService#_doActivateExtension vscode.github, startup: true, activationEvent: '*'
[2022-11-01 20:12:46.887] [exthost] [info] Eager extensions activated
[2022-11-01 20:12:46.919] [exthost] [info] ExtensionService#_doActivateExtension vscode.emmet, startup: false, activationEvent: 'onStartupFinished'
[2022-11-01 20:12:46.919] [exthost] [info] ExtensionService#_doActivateExtension vscode.merge-conflict, startup: false, activationEvent: 'onStartupFinished'
[2022-11-01 20:13:02.400] [exthost] [info] ExtensionService#_doActivateExtension vscode.configuration-editing, startup: false, activationEvent: 'onLanguage:jsonc'
[2022-11-01 20:13:02.400] [exthost] [info] ExtensionService#_doActivateExtension vscode.json-language-features, startup: false, activationEvent: 'onLanguage:jsonc'
[2022-11-01 20:13:02.401] [exthost] [info] ExtensionService#_doActivateExtension vscode.typescript-language-features, startup: false, activationEvent: 'onLanguage:jsonc'
[2022-11-01 20:13:21.716] [exthost] [info] ExtensionService#_doActivateExtension vscodevim.vim, startup: false, activationEvent: '*'
[2022-11-01 20:13:28.649] [exthost] [info] ExtensionService#_doActivateExtension vscode.npm, startup: false, activationEvent: 'onStartupFinished', root cause: esbenp.prettier-vscode
[2022-11-01 20:13:28.686] [exthost] [info] ExtensionService#_doActivateExtension esbenp.prettier-vscode, startup: false, activationEvent: 'onStartupFinished'
[2022-11-01 20:14:05.083] [exthost] [info] ExtensionService#_doActivateExtension bradlc.vscode-tailwindcss, startup: false, activationEvent: 'onStartupFinished'
[2022-11-01 20:14:16.367] [exthost] [info] ExtensionService#_doActivateExtension vscode-icons-team.vscode-icons, startup: false, activationEvent: 'onStartupFinished'
[2022-11-01 20:24:49.954] [exthost] [info] Extension host terminating: received terminate message from renderer
[2022-11-01 20:24:50.253] [exthost] [error] TypeError: Converting circular structure to JSON
    --> starting at object with constructor 't'
    |     property '_readableState' -> object with constructor 'M'
    |     property 'pipes' -> object with constructor 'Array'
    |     index 0 -> object with constructor 't.ConsoleForElectron'
    --- property 'parent' closes the circle
    at JSON.stringify (<anonymous>)
    at /home/ino/.vscode-oss/extensions/vscodevim.vim-1.24.2-universal/src/register/register.ts:333:16
    at process.async (node:internal/process/task_queues:96:5)
    at Object.e.deactivate (/home/ino/.vscode-oss/extensions/vscodevim.vim-1.24.2-universal/extension.ts:64:8)
    at async Promise.all (index 14)
    at p._deactivateAll (/usr/share/codium/resources/app/out/vs/workbench/api/node/extensionHostProcess.js:102:10661)
[2022-11-01 20:24:50.258] [exthost] [info] Extension host with pid 16423 exiting with code 0
[2022-11-01 20:24:51.630] [exthost] [info] Extension host with pid 23323 started
[2022-11-01 20:24:51.630] [exthost] [info] Skipping acquiring lock for /home/ino/.config/VSCodium/User/workspaceStorage/11980a7b90964275c13bcc018c33c58f.
[2022-11-01 20:24:51.678] [exthost] [info] ExtensionService#_doActivateExtension vscode.debug-auto-launch, startup: true, activationEvent: '*'
[2022-11-01 20:24:51.678] [exthost] [info] ExtensionService#_doActivateExtension vscode.git-base, startup: true, activationEvent: '*'
[2022-11-01 20:24:51.679] [exthost] [info] ExtensionService#_doActivateExtension vscode.ipynb, startup: true, activationEvent: '*'
[2022-11-01 20:24:51.679] [exthost] [info] ExtensionService#_doActivateExtension vscodevim.vim, startup: true, activationEvent: '*'
[2022-11-01 20:24:51.753] [exthost] [info] ExtensionService#_doActivateExtension vscode.github, startup: true, activationEvent: '*'
[2022-11-01 20:24:51.762] [exthost] [info] Eager extensions activated
[2022-11-01 20:24:51.764] [exthost] [info] ExtensionService#_doActivateExtension vscode.emmet, startup: false, activationEvent: 'onStartupFinished'
[2022-11-01 20:24:51.764] [exthost] [info] ExtensionService#_doActivateExtension vscode.merge-conflict, startup: false, activationEvent: 'onStartupFinished'
[2022-11-01 20:24:51.764] [exthost] [info] ExtensionService#_doActivateExtension vscode.npm, startup: false, activationEvent: 'onStartupFinished', root cause: esbenp.prettier-vscode
[2022-11-01 20:24:51.764] [exthost] [info] ExtensionService#_doActivateExtension vscode-icons-team.vscode-icons, startup: false, activationEvent: 'onStartupFinished'
[2022-11-01 20:24:51.965] [exthost] [info] ExtensionService#_doActivateExtension esbenp.prettier-vscode, startup: false, activationEvent: 'onStartupFinished'
[2022-11-01 20:24:52.920] [exthost] [info] ExtensionService#_doActivateExtension vscode.git, startup: false, activationEvent: 'api', root cause: vscode.github
[2022-11-01 20:24:52.937] [exthost] [info] ExtensionService#_doActivateExtension bradlc.vscode-tailwindcss, startup: false, activationEvent: 'onStartupFinished'
[2022-11-01 20:26:05.388] [exthost] [info] Extension host terminating: received terminate message from renderer
[2022-11-01 20:26:05.401] [exthost] [error] Error: ENOENT: no such file or directory, open '/home/ino/.config/VSCodium/User/globalStorage/vscodevim.vim/.registers'
[2022-11-01 20:26:05.401] [exthost] [info] Extension host with pid 23323 exiting with code 0
