["INFO" - 8:13:28 PM] Extension Name: esbenp.prettier-vscode.
["INFO" - 8:13:28 PM] Extension Version: 9.9.0.
["INFO" - 8:19:03 PM] Formatting vscode-userdata:/home/ino/.config/VSCodium/User/settings.json
["INFO" - 8:19:03 PM] File Info:
{
  "ignored": false,
  "inferredParser": "json"
}
["INFO" - 8:19:03 PM] No local configuration (i.e. .prettierrc or .editorconfig) detected, falling back to VS Code configuration
["INFO" - 8:19:03 PM] Prettier Options:
{
  "arrowParens": "always",
  "bracketSpacing": true,
  "endOfLine": "lf",
  "htmlWhitespaceSensitivity": "css",
  "insertPragma": false,
  "singleAttributePerLine": false,
  "bracketSameLine": false,
  "jsxBracketSameLine": false,
  "jsxSingleQuote": false,
  "printWidth": 80,
  "proseWrap": "preserve",
  "quoteProps": "as-needed",
  "requirePragma": false,
  "semi": true,
  "singleQuote": false,
  "tabWidth": 2,
  "trailingComma": "es5",
  "useTabs": false,
  "vueIndentScriptAndStyle": false,
  "filepath": "/home/ino/.config/VSCodium/User/settings.json",
  "parser": "json"
}
["INFO" - 8:19:04 PM] Formatting completed in 84ms.
["INFO" - 8:19:05 PM] Formatting vscode-userdata:/home/ino/.config/VSCodium/User/settings.json
["INFO" - 8:19:05 PM] File Info:
{
  "ignored": false,
  "inferredParser": "json"
}
["INFO" - 8:19:05 PM] No local configuration (i.e. .prettierrc or .editorconfig) detected, falling back to VS Code configuration
["INFO" - 8:19:05 PM] Prettier Options:
{
  "arrowParens": "always",
  "bracketSpacing": true,
  "endOfLine": "lf",
  "htmlWhitespaceSensitivity": "css",
  "insertPragma": false,
  "singleAttributePerLine": false,
  "bracketSameLine": false,
  "jsxBracketSameLine": false,
  "jsxSingleQuote": false,
  "printWidth": 80,
  "proseWrap": "preserve",
  "quoteProps": "as-needed",
  "requirePragma": false,
  "semi": true,
  "singleQuote": false,
  "tabWidth": 2,
  "trailingComma": "es5",
  "useTabs": false,
  "vueIndentScriptAndStyle": false,
  "filepath": "/home/ino/.config/VSCodium/User/settings.json",
  "parser": "json"
}
["INFO" - 8:19:05 PM] Formatting completed in 15ms.
["INFO" - 8:19:05 PM] Formatting vscode-userdata:/home/ino/.config/VSCodium/User/settings.json
["INFO" - 8:19:05 PM] File Info:
{
  "ignored": false,
  "inferredParser": "json"
}
["INFO" - 8:19:05 PM] No local configuration (i.e. .prettierrc or .editorconfig) detected, falling back to VS Code configuration
["INFO" - 8:19:05 PM] Prettier Options:
{
  "arrowParens": "always",
  "bracketSpacing": true,
  "endOfLine": "lf",
  "htmlWhitespaceSensitivity": "css",
  "insertPragma": false,
  "singleAttributePerLine": false,
  "bracketSameLine": false,
  "jsxBracketSameLine": false,
  "jsxSingleQuote": false,
  "printWidth": 80,
  "proseWrap": "preserve",
  "quoteProps": "as-needed",
  "requirePragma": false,
  "semi": true,
  "singleQuote": false,
  "tabWidth": 2,
  "trailingComma": "es5",
  "useTabs": false,
  "vueIndentScriptAndStyle": false,
  "filepath": "/home/ino/.config/VSCodium/User/settings.json",
  "parser": "json"
}
["INFO" - 8:19:05 PM] Formatting completed in 13ms.
["INFO" - 8:19:10 PM] Formatting vscode-userdata:/home/ino/.config/VSCodium/User/settings.json
["INFO" - 8:19:10 PM] File Info:
{
  "ignored": false,
  "inferredParser": "json"
}
["INFO" - 8:19:10 PM] No local configuration (i.e. .prettierrc or .editorconfig) detected, falling back to VS Code configuration
["INFO" - 8:19:10 PM] Prettier Options:
{
  "arrowParens": "always",
  "bracketSpacing": true,
  "endOfLine": "lf",
  "htmlWhitespaceSensitivity": "css",
  "insertPragma": false,
  "singleAttributePerLine": false,
  "bracketSameLine": false,
  "jsxBracketSameLine": false,
  "jsxSingleQuote": false,
  "printWidth": 80,
  "proseWrap": "preserve",
  "quoteProps": "as-needed",
  "requirePragma": false,
  "semi": true,
  "singleQuote": false,
  "tabWidth": 2,
  "trailingComma": "es5",
  "useTabs": false,
  "vueIndentScriptAndStyle": false,
  "filepath": "/home/ino/.config/VSCodium/User/settings.json",
  "parser": "json"
}
["INFO" - 8:19:10 PM] Formatting completed in 7ms.
["INFO" - 8:19:25 PM] Formatting vscode-userdata:/home/ino/.config/VSCodium/User/settings.json
["INFO" - 8:19:25 PM] File Info:
{
  "ignored": false,
  "inferredParser": "json"
}
["INFO" - 8:19:25 PM] No local configuration (i.e. .prettierrc or .editorconfig) detected, falling back to VS Code configuration
["INFO" - 8:19:25 PM] Prettier Options:
{
  "arrowParens": "always",
  "bracketSpacing": true,
  "endOfLine": "lf",
  "htmlWhitespaceSensitivity": "css",
  "insertPragma": false,
  "singleAttributePerLine": false,
  "bracketSameLine": false,
  "jsxBracketSameLine": false,
  "jsxSingleQuote": false,
  "printWidth": 80,
  "proseWrap": "preserve",
  "quoteProps": "as-needed",
  "requirePragma": false,
  "semi": true,
  "singleQuote": false,
  "tabWidth": 2,
  "trailingComma": "es5",
  "useTabs": false,
  "vueIndentScriptAndStyle": false,
  "filepath": "/home/ino/.config/VSCodium/User/settings.json",
  "parser": "json"
}
["INFO" - 8:19:25 PM] Formatting completed in 7ms.
["INFO" - 8:19:29 PM] Formatting vscode-userdata:/home/ino/.config/VSCodium/User/settings.json
["INFO" - 8:19:29 PM] File Info:
{
  "ignored": false,
  "inferredParser": "json"
}
["INFO" - 8:19:29 PM] No local configuration (i.e. .prettierrc or .editorconfig) detected, falling back to VS Code configuration
["INFO" - 8:19:29 PM] Prettier Options:
{
  "arrowParens": "always",
  "bracketSpacing": true,
  "endOfLine": "lf",
  "htmlWhitespaceSensitivity": "css",
  "insertPragma": false,
  "singleAttributePerLine": false,
  "bracketSameLine": false,
  "jsxBracketSameLine": false,
  "jsxSingleQuote": false,
  "printWidth": 80,
  "proseWrap": "preserve",
  "quoteProps": "as-needed",
  "requirePragma": false,
  "semi": true,
  "singleQuote": false,
  "tabWidth": 2,
  "trailingComma": "es5",
  "useTabs": false,
  "vueIndentScriptAndStyle": false,
  "filepath": "/home/ino/.config/VSCodium/User/settings.json",
  "parser": "json"
}
["INFO" - 8:19:29 PM] Formatting completed in 7ms.
