[2022-11-01 20:26:05.219] [exthost] [info] Extension host with pid 24639 started
[2022-11-01 20:26:05.219] [exthost] [info] Skipping acquiring lock for /home/ino/.config/VSCodium/User/workspaceStorage/23d66e60b11dff3bc09b64145f6b194f.
[2022-11-01 20:26:05.279] [exthost] [info] ExtensionService#_doActivateExtension vscode.debug-auto-launch, startup: true, activationEvent: '*'
[2022-11-01 20:26:05.279] [exthost] [info] ExtensionService#_doActivateExtension vscode.git-base, startup: true, activationEvent: '*', root cause: vscode.git
[2022-11-01 20:26:05.280] [exthost] [info] ExtensionService#_doActivateExtension vscode.ipynb, startup: true, activationEvent: '*'
[2022-11-01 20:26:05.280] [exthost] [info] ExtensionService#_doActivateExtension vscodevim.vim, startup: true, activationEvent: '*'
[2022-11-01 20:26:05.280] [exthost] [info] ExtensionService#_doActivateExtension vscode.npm, startup: true, activationEvent: 'workspaceContains:package.json'
[2022-11-01 20:26:05.354] [exthost] [info] ExtensionService#_doActivateExtension vscode.git, startup: true, activationEvent: '*'
[2022-11-01 20:26:05.354] [exthost] [info] ExtensionService#_doActivateExtension vscode.github, startup: true, activationEvent: '*'
[2022-11-01 20:26:05.437] [exthost] [info] Eager extensions activated
[2022-11-01 20:26:05.456] [exthost] [info] ExtensionService#_doActivateExtension vscode.emmet, startup: false, activationEvent: 'onStartupFinished'
[2022-11-01 20:26:05.457] [exthost] [info] ExtensionService#_doActivateExtension vscode.merge-conflict, startup: false, activationEvent: 'onStartupFinished'
[2022-11-01 20:26:05.457] [exthost] [info] ExtensionService#_doActivateExtension bradlc.vscode-tailwindcss, startup: false, activationEvent: 'onStartupFinished'
[2022-11-01 20:26:05.457] [exthost] [info] ExtensionService#_doActivateExtension esbenp.prettier-vscode, startup: false, activationEvent: 'onStartupFinished'
[2022-11-01 20:26:05.457] [exthost] [info] ExtensionService#_doActivateExtension vscode-icons-team.vscode-icons, startup: false, activationEvent: 'onStartupFinished'
[2022-11-01 20:26:08.232] [exthost] [info] ExtensionService#_doActivateExtension vscode.typescript-language-features, startup: false, activationEvent: 'onLanguage:typescriptreact'
[2022-11-01 20:26:31.959] [exthost] [info] ExtensionService#_doActivateExtension vscode.configuration-editing, startup: false, activationEvent: 'onLanguage:jsonc'
[2022-11-01 20:26:31.959] [exthost] [info] ExtensionService#_doActivateExtension vscode.json-language-features, startup: false, activationEvent: 'onLanguage:jsonc'
[2022-11-01 20:28:11.899] [exthost] [error] [bradlc.vscode-tailwindcss] provider FAILED
[2022-11-01 20:28:11.900] [exthost] [error] TypeError: Cannot read properties of null (reading 'filter')
    at Object.<anonymous> (/home/ino/.vscode-oss/extensions/bradlc.vscode-tailwindcss-0.9.1-universal/dist/extension.js:39:69679)
    at Generator.next (<anonymous>)
    at o (/home/ino/.vscode-oss/extensions/bradlc.vscode-tailwindcss-0.9.1-universal/dist/extension.js:1:1247)
[2022-11-01 20:28:19.784] [exthost] [info] ExtensionService#_doActivateExtension vscode.css-language-features, startup: false, activationEvent: 'onLanguage:css'
[2022-11-01 20:37:18.476] [exthost] [info] Extension host terminating: received terminate message from renderer
[2022-11-01 20:37:18.776] [exthost] [error] TypeError: r.some is not a function
    at Function.saveToDisk (/home/ino/.vscode-oss/extensions/vscodevim.vim-1.24.2-universal/src/register/register.ts:326:30)
    at Object.e.deactivate (/home/ino/.vscode-oss/extensions/vscodevim.vim-1.24.2-universal/extension.ts:65:18)
    at p._deactivate (/usr/share/codium/resources/app/out/vs/workbench/api/node/extensionHostProcess.js:102:13260)
    at /usr/share/codium/resources/app/out/vs/workbench/api/node/extensionHostProcess.js:102:10637
    at Array.map (<anonymous>)
    at p._deactivateAll (/usr/share/codium/resources/app/out/vs/workbench/api/node/extensionHostProcess.js:102:10624)
    at p.terminate (/usr/share/codium/resources/app/out/vs/workbench/api/node/extensionHostProcess.js:102:11010)
    at p.terminate (/usr/share/codium/resources/app/out/vs/workbench/api/node/extensionHostProcess.js:106:620)
    at m (/usr/share/codium/resources/app/out/vs/workbench/api/node/extensionHostProcess.js:116:19115)
    at /usr/share/codium/resources/app/out/vs/workbench/api/node/extensionHostProcess.js:116:17043
    at p.invoke (/usr/share/codium/resources/app/out/vs/workbench/api/node/extensionHostProcess.js:61:145)
    at v.deliver (/usr/share/codium/resources/app/out/vs/workbench/api/node/extensionHostProcess.js:61:2266)
    at b.fire (/usr/share/codium/resources/app/out/vs/workbench/api/node/extensionHostProcess.js:61:1844)
    at a.fire (/usr/share/codium/resources/app/out/vs/workbench/api/node/extensionHostProcess.js:69:19049)
    at s._receiveMessage (/usr/share/codium/resources/app/out/vs/workbench/api/node/extensionHostProcess.js:69:23861)
    at /usr/share/codium/resources/app/out/vs/workbench/api/node/extensionHostProcess.js:69:21304
    at p.invoke (/usr/share/codium/resources/app/out/vs/workbench/api/node/extensionHostProcess.js:61:145)
    at v.deliver (/usr/share/codium/resources/app/out/vs/workbench/api/node/extensionHostProcess.js:61:2266)
    at b.fire (/usr/share/codium/resources/app/out/vs/workbench/api/node/extensionHostProcess.js:61:1844)
    at b.acceptChunk (/usr/share/codium/resources/app/out/vs/workbench/api/node/extensionHostProcess.js:69:15880)
    at /usr/share/codium/resources/app/out/vs/workbench/api/node/extensionHostProcess.js:69:15010
    at Socket.d (/usr/share/codium/resources/app/out/vs/workbench/api/node/extensionHostProcess.js:69:27128)
    at Socket.emit (node:events:526:28)
    at addChunk (node:internal/streams/readable:315:12)
    at readableAddChunk (node:internal/streams/readable:289:9)
    at Socket.Readable.push (node:internal/streams/readable:228:10)
    at Pipe.onStreamRead (node:internal/stream_base_commons:190:23)
[2022-11-01 20:37:18.782] [exthost] [info] Extension host with pid 24639 exiting with code 0
